# JRE version: Java(TM) SE Runtime Environment (8.0_121-b13) (build 1.8.0_121-b13)
# Java VM: Java HotSpot(TM) 64-Bit Server VM (25.121-b13 mixed mode windows-amd64 compressed oops)
Heap:
 PSYoungGen      total 152576K, used 0K [0x00000000d5f00000, 0x00000000e3080000, 0x0000000100000000)
  eden space 141824K, 0% used [0x00000000d5f00000,0x00000000d5f00000,0x00000000de980000)
  from space 10752K, 0% used [0x00000000df780000,0x00000000df780000,0x00000000e0200000)
  to   space 14336K, 0% used [0x00000000de980000,0x00000000de980000,0x00000000df780000)
 ParOldGen       total 60416K, used 18082K [0x0000000081c00000, 0x0000000085700000, 0x00000000d5f00000)
  object space 60416K, 29% used [0x0000000081c00000,0x0000000082da8ac8,0x0000000085700000)
 Metaspace       used 33431K, capacity 33818K, committed 34048K, reserved 1085440K
  class space    used 4149K, capacity 4262K, committed 4352K, reserved 1048576K
GC Heap History (10 events):
Event: 2.580 GC heap after
Heap after GC invocations=6 (full 1):
 PSYoungGen      total 71680K, used 0K [0x00000000d5f00000, 0x00000000df100000, 0x0000000100000000)
  eden space 66560K, 0% used [0x00000000d5f00000,0x00000000d5f00000,0x00000000da000000)
  from space 5120K, 0% used [0x00000000da000000,0x00000000da000000,0x00000000da500000)
  to   space 8192K, 0% used [0x00000000de900000,0x00000000de900000,0x00000000df100000)
 ParOldGen       total 60416K, used 8131K [0x0000000081c00000, 0x0000000085700000, 0x00000000d5f00000)
  object space 60416K, 13% used [0x0000000081c00000,0x00000000823f0c68,0x0000000085700000)
 Metaspace       used 20971K, capacity 21186K, committed 21248K, reserved 1069056K
  class space    used 2499K, capacity 2554K, committed 2560K, reserved 1048576K
}
Event: 3.248 GC heap before
{Heap before GC invocations=7 (full 1):
 PSYoungGen      total 71680K, used 66560K [0x00000000d5f00000, 0x00000000df100000, 0x0000000100000000)
  eden space 66560K, 100% used [0x00000000d5f00000,0x00000000da000000,0x00000000da000000)
  from space 5120K, 0% used [0x00000000da000000,0x00000000da000000,0x00000000da500000)
  to   space 8192K, 0% used [0x00000000de900000,0x00000000de900000,0x00000000df100000)
 ParOldGen       total 60416K, used 8131K [0x0000000081c00000, 0x0000000085700000, 0x00000000d5f00000)
  object space 60416K, 13% used [0x0000000081c00000,0x00000000823f0c68,0x0000000085700000)
 Metaspace       used 23678K, capacity 23960K, committed 24192K, reserved 1071104K
  class space    used 2850K, capacity 2933K, committed 2944K, reserved 1048576K
Event: 3.254 GC heap after
Heap after GC invocations=7 (full 1):
 PSYoungGen      total 102912K, used 4058K [0x00000000d5f00000, 0x00000000ded00000, 0x0000000100000000)
  eden space 98816K, 0% used [0x00000000d5f00000,0x00000000d5f00000,0x00000000dbf80000)
  from space 4096K, 99% used [0x00000000de900000,0x00000000decf6980,0x00000000ded00000)
  to   space 8192K, 0% used [0x00000000ddd00000,0x00000000ddd00000,0x00000000de500000)
 ParOldGen       total 60416K, used 8139K [0x0000000081c00000, 0x0000000085700000, 0x00000000d5f00000)
  object space 60416K, 13% used [0x0000000081c00000,0x00000000823f2c68,0x0000000085700000)
 Metaspace       used 23678K, capacity 23960K, committed 24192K, reserved 1071104K
  class space    used 2850K, capacity 2933K, committed 2944K, reserved 1048576K
}
Event: 4.218 GC heap before
{Heap before GC invocations=8 (full 1):
 PSYoungGen      total 102912K, used 102874K [0x00000000d5f00000, 0x00000000ded00000, 0x0000000100000000)
  eden space 98816K, 100% used [0x00000000d5f00000,0x00000000dbf80000,0x00000000dbf80000)
  from space 4096K, 99% used [0x00000000de900000,0x00000000decf6980,0x00000000ded00000)
  to   space 8192K, 0% used [0x00000000ddd00000,0x00000000ddd00000,0x00000000de500000)
 ParOldGen       total 60416K, used 8139K [0x0000000081c00000, 0x0000000085700000, 0x00000000d5f00000)
  object space 60416K, 13% used [0x0000000081c00000,0x00000000823f2c68,0x0000000085700000)
 Metaspace       used 28415K, capacity 28816K, committed 28928K, reserved 1075200K
  class space    used 3437K, capacity 3545K, committed 3584K, reserved 1048576K
Event: 4.230 GC heap after
Heap after GC invocations=8 (full 1):
 PSYoungGen      total 137216K, used 8188K [0x00000000d5f00000, 0x00000000e0200000, 0x0000000100000000)
  eden space 129024K, 0% used [0x00000000d5f00000,0x00000000d5f00000,0x00000000ddd00000)
  from space 8192K, 99% used [0x00000000ddd00000,0x00000000de4ff3b0,0x00000000de500000)
  to   space 10752K, 0% used [0x00000000df780000,0x00000000df780000,0x00000000e0200000)
 ParOldGen       total 60416K, used 10732K [0x0000000081c00000, 0x0000000085700000, 0x00000000d5f00000)
  object space 60416K, 17% used [0x0000000081c00000,0x000000008267b0b8,0x0000000085700000)
 Metaspace       used 28415K, capacity 28816K, committed 28928K, reserved 1075200K
  class space    used 3437K, capacity 3545K, committed 3584K, reserved 1048576K
}
Event: 6.475 GC heap before
{Heap before GC invocations=9 (full 1):
 PSYoungGen      total 137216K, used 137212K [0x00000000d5f00000, 0x00000000e0200000, 0x0000000100000000)
  eden space 129024K, 100% used [0x00000000d5f00000,0x00000000ddd00000,0x00000000ddd00000)
  from space 8192K, 99% used [0x00000000ddd00000,0x00000000de4ff3b0,0x00000000de500000)
  to   space 10752K, 0% used [0x00000000df780000,0x00000000df780000,0x00000000e0200000)
 ParOldGen       total 60416K, used 10732K [0x0000000081c00000, 0x0000000085700000, 0x00000000d5f00000)
  object space 60416K, 17% used [0x0000000081c00000,0x000000008267b0b8,0x0000000085700000)
 Metaspace       used 32931K, capacity 33306K, committed 33664K, reserved 1079296K
  class space    used 4074K, capacity 4198K, committed 4224K, reserved 1048576K
Event: 6.493 GC heap after
Heap after GC invocations=9 (full 1):
 PSYoungGen      total 152576K, used 10749K [0x00000000d5f00000, 0x00000000e3080000, 0x0000000100000000)
  eden space 141824K, 0% used [0x00000000d5f00000,0x00000000d5f00000,0x00000000de980000)
  from space 10752K, 99% used [0x00000000df780000,0x00000000e01ff590,0x00000000e0200000)
  to   space 14336K, 0% used [0x00000000de980000,0x00000000de980000,0x00000000df780000)
 ParOldGen       total 60416K, used 15119K [0x0000000081c00000, 0x0000000085700000, 0x00000000d5f00000)
  object space 60416K, 25% used [0x0000000081c00000,0x0000000082ac3c20,0x0000000085700000)
 Metaspace       used 32931K, capacity 33306K, committed 33664K, reserved 1079296K
  class space    used 4074K, capacity 4198K, committed 4224K, reserved 1048576K
}
Event: 6.680 GC heap before
{Heap before GC invocations=10 (full 1):
 PSYoungGen      total 152576K, used 38246K [0x00000000d5f00000, 0x00000000e3080000, 0x0000000100000000)
  eden space 141824K, 19% used [0x00000000d5f00000,0x00000000d79da360,0x00000000de980000)
  from space 10752K, 99% used [0x00000000df780000,0x00000000e01ff590,0x00000000e0200000)
  to   space 14336K, 0% used [0x00000000de980000,0x00000000de980000,0x00000000df780000)
 ParOldGen       total 60416K, used 15119K [0x0000000081c00000, 0x0000000085700000, 0x00000000d5f00000)
  object space 60416K, 25% used [0x0000000081c00000,0x0000000082ac3c20,0x0000000085700000)
 Metaspace       used 33431K, capacity 33818K, committed 34048K, reserved 1083392K
  class space    used 4149K, capacity 4262K, committed 4352K, reserved 1048576K
Event: 6.697 GC heap after
Heap after GC invocations=10 (full 1):
 PSYoungGen      total 156160K, used 12078K [0x00000000d5f00000, 0x00000000e3080000, 0x0000000100000000)
  eden space 141824K, 0% used [0x00000000d5f00000,0x00000000d5f00000,0x00000000de980000)
  from space 14336K, 84% used [0x00000000de980000,0x00000000df54b8b8,0x00000000df780000)
  to   space 10752K, 0% used [0x00000000df780000,0x00000000df780000,0x00000000e0200000)
 ParOldGen       total 60416K, used 15119K [0x0000000081c00000, 0x0000000085700000, 0x00000000d5f00000)
  object space 60416K, 25% used [0x0000000081c00000,0x0000000082ac3c20,0x0000000085700000)
 Metaspace       used 33431K, capacity 33818K, committed 34048K, reserved 1083392K
  class space    used 4149K, capacity 4262K, committed 4352K, reserved 1048576K
}
Event: 6.697 GC heap before
{Heap before GC invocations=11 (full 2):
 PSYoungGen      total 156160K, used 12078K [0x00000000d5f00000, 0x00000000e3080000, 0x0000000100000000)
  eden space 141824K, 0% used [0x00000000d5f00000,0x00000000d5f00000,0x00000000de980000)
  from space 14336K, 84% used [0x00000000de980000,0x00000000df54b8b8,0x00000000df780000)
  to   space 10752K, 0% used [0x00000000df780000,0x00000000df780000,0x00000000e0200000)
 ParOldGen       total 60416K, used 15119K [0x0000000081c00000, 0x0000000085700000, 0x00000000d5f00000)
  object space 60416K, 25% used [0x0000000081c00000,0x0000000082ac3c20,0x0000000085700000)
 Metaspace       used 33431K, capacity 33818K, committed 34048K, reserved 1083392K
  class space    used 4149K, capacity 4262K, committed 4352K, reserved 1048576K

