# JRE version: Java(TM) SE Runtime Environment (8.0_121-b13) (build 1.8.0_121-b13)
# Java VM: Java HotSpot(TM) 64-Bit Server VM (25.121-b13 mixed mode windows-amd64 compressed oops)
Heap:
 PSYoungGen      total 277504K, used 46525K [0x00000000d5f00000, 0x00000000ed080000, 0x0000000100000000)
  eden space 256000K, 18% used [0x00000000d5f00000,0x00000000d8c6f780,0x00000000e5900000)
  from space 21504K, 0% used [0x00000000e5900000,0x00000000e5900000,0x00000000e6e00000)
  to   space 29184K, 0% used [0x00000000eb400000,0x00000000eb400000,0x00000000ed080000)
 ParOldGen       total 148992K, used 45887K [0x0000000081c00000, 0x000000008ad80000, 0x00000000d5f00000)
  object space 148992K, 30% used [0x0000000081c00000,0x00000000848cfca8,0x000000008ad80000)
 Metaspace       used 58789K, capacity 60345K, committed 60568K, reserved 1101824K
  class space    used 7334K, capacity 7709K, committed 7728K, reserved 1048576K
GC Heap History (10 events):
Event: 6.830 GC heap before
{Heap before GC invocations=8 (full 1):
 PSYoungGen      total 230912K, used 121795K [0x00000000d5f00000, 0x00000000e8300000, 0x0000000100000000)
  eden space 214528K, 49% used [0x00000000d5f00000,0x00000000dc5f6c00,0x00000000e3080000)
  from space 16384K, 99% used [0x00000000e7300000,0x00000000e82fa030,0x00000000e8300000)
  to   space 21504K, 0% used [0x00000000e5900000,0x00000000e5900000,0x00000000e6e00000)
 ParOldGen       total 73728K, used 21683K [0x0000000081c00000, 0x0000000086400000, 0x00000000d5f00000)
  object space 73728K, 29% used [0x0000000081c00000,0x000000008312cc68,0x0000000086400000)
 Metaspace       used 34615K, capacity 35293K, committed 35496K, reserved 1081344K
  class space    used 4003K, capacity 4233K, committed 4272K, reserved 1048576K
Event: 6.880 GC heap after
Heap after GC invocations=8 (full 1):
 PSYoungGen      total 277504K, used 21502K [0x00000000d5f00000, 0x00000000ee400000, 0x0000000100000000)
  eden space 256000K, 0% used [0x00000000d5f00000,0x00000000d5f00000,0x00000000e5900000)
  from space 21504K, 99% used [0x00000000e5900000,0x00000000e6dff960,0x00000000e6e00000)
  to   space 27136K, 0% used [0x00000000ec980000,0x00000000ec980000,0x00000000ee400000)
 ParOldGen       total 73728K, used 25978K [0x0000000081c00000, 0x0000000086400000, 0x00000000d5f00000)
  object space 73728K, 35% used [0x0000000081c00000,0x000000008355eb68,0x0000000086400000)
 Metaspace       used 34615K, capacity 35293K, committed 35496K, reserved 1081344K
  class space    used 4003K, capacity 4233K, committed 4272K, reserved 1048576K
}
Event: 6.880 GC heap before
{Heap before GC invocations=9 (full 2):
 PSYoungGen      total 277504K, used 21502K [0x00000000d5f00000, 0x00000000ee400000, 0x0000000100000000)
  eden space 256000K, 0% used [0x00000000d5f00000,0x00000000d5f00000,0x00000000e5900000)
  from space 21504K, 99% used [0x00000000e5900000,0x00000000e6dff960,0x00000000e6e00000)
  to   space 27136K, 0% used [0x00000000ec980000,0x00000000ec980000,0x00000000ee400000)
 ParOldGen       total 73728K, used 25978K [0x0000000081c00000, 0x0000000086400000, 0x00000000d5f00000)
  object space 73728K, 35% used [0x0000000081c00000,0x000000008355eb68,0x0000000086400000)
 Metaspace       used 34615K, capacity 35293K, committed 35496K, reserved 1081344K
  class space    used 4003K, capacity 4233K, committed 4272K, reserved 1048576K
Event: 7.087 GC heap after
Heap after GC invocations=9 (full 2):
 PSYoungGen      total 277504K, used 0K [0x00000000d5f00000, 0x00000000ee400000, 0x0000000100000000)
  eden space 256000K, 0% used [0x00000000d5f00000,0x00000000d5f00000,0x00000000e5900000)
  from space 21504K, 0% used [0x00000000e5900000,0x00000000e5900000,0x00000000e6e00000)
  to   space 27136K, 0% used [0x00000000ec980000,0x00000000ec980000,0x00000000ee400000)
 ParOldGen       total 116224K, used 38778K [0x0000000081c00000, 0x0000000088d80000, 0x00000000d5f00000)
  object space 116224K, 33% used [0x0000000081c00000,0x00000000841debd0,0x0000000088d80000)
 Metaspace       used 34615K, capacity 35293K, committed 35496K, reserved 1081344K
  class space    used 4003K, capacity 4233K, committed 4272K, reserved 1048576K
}
Event: 9.123 GC heap before
{Heap before GC invocations=10 (full 2):
 PSYoungGen      total 277504K, used 256000K [0x00000000d5f00000, 0x00000000ee400000, 0x0000000100000000)
  eden space 256000K, 100% used [0x00000000d5f00000,0x00000000e5900000,0x00000000e5900000)
  from space 21504K, 0% used [0x00000000e5900000,0x00000000e5900000,0x00000000e6e00000)
  to   space 27136K, 0% used [0x00000000ec980000,0x00000000ec980000,0x00000000ee400000)
 ParOldGen       total 116224K, used 38778K [0x0000000081c00000, 0x0000000088d80000, 0x00000000d5f00000)
  object space 116224K, 33% used [0x0000000081c00000,0x00000000841debd0,0x0000000088d80000)
 Metaspace       used 54426K, capacity 55913K, committed 56104K, reserved 1097728K
  class space    used 6712K, capacity 7095K, committed 7216K, reserved 1048576K
Event: 9.143 GC heap after
Heap after GC invocations=10 (full 2):
 PSYoungGen      total 283136K, used 24666K [0x00000000d5f00000, 0x00000000ee400000, 0x0000000100000000)
  eden space 256000K, 0% used [0x00000000d5f00000,0x00000000d5f00000,0x00000000e5900000)
  from space 27136K, 90% used [0x00000000ec980000,0x00000000ee196880,0x00000000ee400000)
  to   space 21504K, 0% used [0x00000000e5900000,0x00000000e5900000,0x00000000e6e00000)
 ParOldGen       total 116224K, used 38858K [0x0000000081c00000, 0x0000000088d80000, 0x00000000d5f00000)
  object space 116224K, 33% used [0x0000000081c00000,0x00000000841f2be0,0x0000000088d80000)
 Metaspace       used 54426K, capacity 55913K, committed 56104K, reserved 1097728K
  class space    used 6712K, capacity 7095K, committed 7216K, reserved 1048576K
}
Event: 9.592 GC heap before
{Heap before GC invocations=11 (full 2):
 PSYoungGen      total 283136K, used 101488K [0x00000000d5f00000, 0x00000000ee400000, 0x0000000100000000)
  eden space 256000K, 30% used [0x00000000d5f00000,0x00000000daa05888,0x00000000e5900000)
  from space 27136K, 90% used [0x00000000ec980000,0x00000000ee196880,0x00000000ee400000)
  to   space 21504K, 0% used [0x00000000e5900000,0x00000000e5900000,0x00000000e6e00000)
 ParOldGen       total 116224K, used 38858K [0x0000000081c00000, 0x0000000088d80000, 0x00000000d5f00000)
  object space 116224K, 33% used [0x0000000081c00000,0x00000000841f2be0,0x0000000088d80000)
 Metaspace       used 57465K, capacity 59019K, committed 59160K, reserved 1101824K
  class space    used 7154K, capacity 7546K, committed 7600K, reserved 1048576K
Event: 9.605 GC heap after
Heap after GC invocations=11 (full 2):
 PSYoungGen      total 277504K, used 12805K [0x00000000d5f00000, 0x00000000ed080000, 0x0000000100000000)
  eden space 256000K, 0% used [0x00000000d5f00000,0x00000000d5f00000,0x00000000e5900000)
  from space 21504K, 59% used [0x00000000e5900000,0x00000000e6581430,0x00000000e6e00000)
  to   space 29184K, 0% used [0x00000000eb400000,0x00000000eb400000,0x00000000ed080000)
 ParOldGen       total 116224K, used 38866K [0x0000000081c00000, 0x0000000088d80000, 0x00000000d5f00000)
  object space 116224K, 33% used [0x0000000081c00000,0x00000000841f4be0,0x0000000088d80000)
 Metaspace       used 57465K, capacity 59019K, committed 59160K, reserved 1101824K
  class space    used 7154K, capacity 7546K, committed 7600K, reserved 1048576K
}
Event: 9.605 GC heap before
{Heap before GC invocations=12 (full 3):
 PSYoungGen      total 277504K, used 12805K [0x00000000d5f00000, 0x00000000ed080000, 0x0000000100000000)
  eden space 256000K, 0% used [0x00000000d5f00000,0x00000000d5f00000,0x00000000e5900000)
  from space 21504K, 59% used [0x00000000e5900000,0x00000000e6581430,0x00000000e6e00000)
  to   space 29184K, 0% used [0x00000000eb400000,0x00000000eb400000,0x00000000ed080000)
 ParOldGen       total 116224K, used 38866K [0x0000000081c00000, 0x0000000088d80000, 0x00000000d5f00000)
  object space 116224K, 33% used [0x0000000081c00000,0x00000000841f4be0,0x0000000088d80000)
 Metaspace       used 57465K, capacity 59019K, committed 59160K, reserved 1101824K
  class space    used 7154K, capacity 7546K, committed 7600K, reserved 1048576K
Event: 9.764 GC heap after
Heap after GC invocations=12 (full 3):
 PSYoungGen      total 277504K, used 0K [0x00000000d5f00000, 0x00000000ed080000, 0x0000000100000000)
  eden space 256000K, 0% used [0x00000000d5f00000,0x00000000d5f00000,0x00000000e5900000)
  from space 21504K, 0% used [0x00000000e5900000,0x00000000e5900000,0x00000000e6e00000)
  to   space 29184K, 0% used [0x00000000eb400000,0x00000000eb400000,0x00000000ed080000)
 ParOldGen       total 148992K, used 45887K [0x0000000081c00000, 0x000000008ad80000, 0x00000000d5f00000)
  object space 148992K, 30% used [0x0000000081c00000,0x00000000848cfca8,0x000000008ad80000)
 Metaspace       used 57465K, capacity 59019K, committed 59160K, reserved 1101824K
  class space    used 7154K, capacity 7546K, committed 7600K, reserved 1048576K
}

